<?xml version="1.0" encoding="UTF-8"?>
<!-- Generated by org.testng.reporters.JUnitXMLReporter -->
<testsuite hostname="kolla-PC" ignored="0" name="Firefoxtest" tests="1" failures="0" timestamp="24 Sep 2022 09:29:14 GMT" time="0.14" errors="0">
  <testcase name="@BeforeMethod testParameterWithXML" time="0.1" classname="com.ebanking.testcases.BaseClass">
    <failure type="java.lang.NullPointerException">
      <![CDATA[java.lang.NullPointerException
at java.util.Hashtable.put(Hashtable.java:460)
at java.util.Properties.setProperty(Properties.java:166)
at java.lang.System.setProperty(System.java:796)
at com.ebanking.testcases.BaseClass.testParameterWithXML(BaseClass.java:51)
... Removed 28 stack frames]]>
    </failure>
  </testcase> <!-- @BeforeMethod testParameterWithXML -->
  <testcase name="@AfterClass teardown" time="0.0" classname="com.ebanking.testcases.BaseClass">
    <skipped/>
  </testcase> <!-- @AfterClass teardown -->
  <testcase name="registerater" time="0.0" classname="com.ebanking.testcases.Registration">
    <skipped/>
  </testcase> <!-- registerater -->
</testsuite> <!-- Firefoxtest -->
