<?xml version="1.0" encoding="UTF-8"?>
<testng-results skipped="0" failed="0" ignored="0" total="1" passed="1">
  <reporter-output>
  </reporter-output>
  <suite name="ebankingAutomation" duration-ms="34353" started-at="2022-09-29T12:38:06Z" finished-at="2022-09-29T12:38:40Z">
    <groups>
    </groups>
    <test name="ebankingFirefoxtest" duration-ms="34353" started-at="2022-09-29T12:38:06Z" finished-at="2022-09-29T12:38:40Z">
      <class name="com.ebanking.testcases.RegistrationTest">
        <test-method status="PASS" signature="setup(java.lang.String)[pri:0, instance:com.ebanking.testcases.RegistrationTest@735f7ae5]" name="setup" is-config="true" duration-ms="16107" started-at="2022-09-29T12:38:06Z" finished-at="2022-09-29T12:38:22Z">
          <params>
            <param index="0">
              <value>
                <![CDATA[firefox]]>
              </value>
            </param>
          </params>
          <reporter-output>
          </reporter-output>
        </test-method> <!-- setup -->
        <test-method status="PASS" signature="registerater()[pri:0, instance:com.ebanking.testcases.RegistrationTest@735f7ae5]" name="registerater" duration-ms="14322" started-at="2022-09-29T12:38:22Z" finished-at="2022-09-29T12:38:37Z">
          <reporter-output>
          </reporter-output>
        </test-method> <!-- registerater -->
        <test-method status="PASS" signature="teardown()[pri:0, instance:com.ebanking.testcases.RegistrationTest@735f7ae5]" name="teardown" is-config="true" duration-ms="3594" started-at="2022-09-29T12:38:37Z" finished-at="2022-09-29T12:38:40Z">
          <reporter-output>
          </reporter-output>
        </test-method> <!-- teardown -->
      </class> <!-- com.ebanking.testcases.RegistrationTest -->
    </test> <!-- ebankingFirefoxtest -->
  </suite> <!-- ebankingAutomation -->
</testng-results>
