<?xml version="1.0" encoding="UTF-8"?>
<testng-results skipped="0" failed="0" ignored="0" total="1" passed="1">
  <reporter-output>
  </reporter-output>
  <suite name="ebankingAutomation" duration-ms="16109" started-at="2022-09-25T12:41:28Z" finished-at="2022-09-25T12:41:44Z">
    <groups>
    </groups>
    <test name="ebankingFirefoxtest" duration-ms="16109" started-at="2022-09-25T12:41:28Z" finished-at="2022-09-25T12:41:44Z">
      <class name="com.ebanking.testcases.RegistrationTest">
        <test-method status="PASS" signature="setup(java.lang.String)[pri:0, instance:com.ebanking.testcases.RegistrationTest@343f4d3d]" name="setup" is-config="true" duration-ms="10087" started-at="2022-09-25T12:41:28Z" finished-at="2022-09-25T12:41:38Z">
          <params>
            <param index="0">
              <value>
                <![CDATA[firefox]]>
              </value>
            </param>
          </params>
          <reporter-output>
          </reporter-output>
        </test-method> <!-- setup -->
        <test-method status="PASS" signature="registerater()[pri:0, instance:com.ebanking.testcases.RegistrationTest@343f4d3d]" name="registerater" duration-ms="4460" started-at="2022-09-25T12:41:38Z" finished-at="2022-09-25T12:41:42Z">
          <reporter-output>
          </reporter-output>
        </test-method> <!-- registerater -->
        <test-method status="PASS" signature="teardown()[pri:0, instance:com.ebanking.testcases.RegistrationTest@343f4d3d]" name="teardown" is-config="true" duration-ms="1532" started-at="2022-09-25T12:41:42Z" finished-at="2022-09-25T12:41:44Z">
          <reporter-output>
          </reporter-output>
        </test-method> <!-- teardown -->
      </class> <!-- com.ebanking.testcases.RegistrationTest -->
    </test> <!-- ebankingFirefoxtest -->
  </suite> <!-- ebankingAutomation -->
</testng-results>
